<?xml version="1.0" encoding="UTF-8"?>
<!-- Generated by org.testng.reporters.JUnitXMLReporter -->
<testsuite ignored="0" hostname="LTIN518485" failures="0" tests="5" name="chromeTest" time="100.406" errors="0" timestamp="2024-06-05T16:22:58 IST">
  <testcase classname="Global_IT.BeCognizantTest" name="validateProfile" time="8.701"/>
  <testcase classname="Global_IT.BeCognizantTest" name="navigateGlobalITPage" time="13.159"/>
  <testcase classname="Global_IT.GlobalITTest" name="validateTools" time="5.569"/>
  <testcase classname="Global_IT.GlobalITTest" name="validateNews" time="23.251"/>
  <testcase classname="Global_IT.GlobalITTest" name="validateAwards" time="38.069"/>
</testsuite> <!-- chromeTest -->
