<?xml version="1.0" encoding="UTF-8"?>
<testng-results ignored="0" total="5" passed="5" failed="0" skipped="0">
  <reporter-output>
  </reporter-output>
  <suite started-at="2024-06-05T16:21:18 IST" name="Suite" finished-at="2024-06-05T16:22:58 IST" duration-ms="100406">
    <groups>
    </groups>
    <test started-at="2024-06-05T16:21:18 IST" name="chromeTest" finished-at="2024-06-05T16:22:58 IST" duration-ms="100406">
      <class name="Global_IT.GlobalITTest">
        <test-method is-config="true" signature="setupDriver(java.lang.String,java.lang.String)[pri:0, instance:Global_IT.GlobalITTest@1b11171f]" started-at="2024-06-05T16:21:18 IST" name="setupDriver" finished-at="2024-06-05T16:21:29 IST" duration-ms="11341" status="PASS">
          <params>
            <param index="0">
              <value>
                <![CDATA[chrome]]>
              </value>
            </param>
            <param index="1">
              <value>
                <![CDATA[https://be.cognizant.com/]]>
              </value>
            </param>
          </params>
          <reporter-output>
          </reporter-output>
        </test-method> <!-- setupDriver -->
        <test-method signature="validateProfile()[pri:1, instance:Global_IT.GlobalITTest@1b11171f]" started-at="2024-06-05T16:21:29 IST" name="validateProfile" finished-at="2024-06-05T16:21:38 IST" duration-ms="8701" status="PASS">
          <reporter-output>
          </reporter-output>
        </test-method> <!-- validateProfile -->
        <test-method signature="navigateGlobalITPage()[pri:0, instance:Global_IT.GlobalITTest@1b11171f]" started-at="2024-06-05T16:21:38 IST" name="navigateGlobalITPage" finished-at="2024-06-05T16:21:51 IST" depends-on-methods="Global_IT.BeCognizantTest.validateProfile" duration-ms="13159" status="PASS">
          <reporter-output>
          </reporter-output>
        </test-method> <!-- navigateGlobalITPage -->
        <test-method signature="validateTools()[pri:3, instance:Global_IT.GlobalITTest@1b11171f]" started-at="2024-06-05T16:21:51 IST" name="validateTools" finished-at="2024-06-05T16:21:57 IST" duration-ms="5569" status="PASS">
          <reporter-output>
          </reporter-output>
        </test-method> <!-- validateTools -->
        <test-method signature="validateNews()[pri:4, instance:Global_IT.GlobalITTest@1b11171f]" started-at="2024-06-05T16:21:57 IST" name="validateNews" finished-at="2024-06-05T16:22:20 IST" duration-ms="23251" status="PASS">
          <reporter-output>
          </reporter-output>
        </test-method> <!-- validateNews -->
        <test-method signature="validateAwards()[pri:5, instance:Global_IT.GlobalITTest@1b11171f]" started-at="2024-06-05T16:22:20 IST" name="validateAwards" finished-at="2024-06-05T16:22:58 IST" duration-ms="38069" status="PASS">
          <reporter-output>
          </reporter-output>
        </test-method> <!-- validateAwards -->
        <test-method is-config="true" signature="closeDriver()[pri:0, instance:Global_IT.GlobalITTest@1b11171f]" started-at="2024-06-05T16:22:58 IST" name="closeDriver" finished-at="2024-06-05T16:23:10 IST" duration-ms="11226" status="PASS">
          <reporter-output>
          </reporter-output>
        </test-method> <!-- closeDriver -->
      </class> <!-- Global_IT.GlobalITTest -->
    </test> <!-- chromeTest -->
  </suite> <!-- Suite -->
</testng-results>
